{"logTime": "0725/181935", "correlationVector":"pyoxExYm7A2JRCwhurPLm9.1","action":"SyncServerConnectionManagerRequest", "result":"SYNC_SERVER_OK", "context":{"environment":"Prod_EastUS2_000e", "migrationStage":"NotStarted", "server":"general0100001Y"}}
{"logTime": "0725/181935", "correlationVector":"FgSIjFkY8886x67THaauJ8","action":"SyncServerConnectionManagerRequest", "result":"SYNC_SERVER_OK", "context":{"environment":"", "migrationStage":"", "server":""}}
{"logTime": "0725/181935", "correlationVector":"pyoxExYm7A2JRCwhurPLm9","action":"Initial GetUpdates", "result":"", "context":Reason: NEW_CLIENT. cV=pyoxExYm7A2JRCwhurPLm9}
{"logTime": "0725/181935", "correlationVector":"pyoxExYm7A2JRCwhurPLm9.2","action":"GetUpdates Response", "result":"Success", "context":Received 1 update(s). cV=pyoxExYm7A2JRCwhurPLm9.0;server=general0100001Y;cloudType=Consumer;environment=Prod_EastUS2_000e;migrationStage=NotStarted}
{"logTime": "0725/181937", "correlationVector":"snmcZACc4mTUQQA5hkyEvr","action":"Initial GetUpdates", "result":"", "context":Reason: NEW_CLIENT. cV=snmcZACc4mTUQQA5hkyEvr}
{"logTime": "0725/181938", "correlationVector":"snmcZACc4mTUQQA5hkyEvr.1","action":"SyncServerConnectionManagerRequest", "result":"SYNC_SERVER_OK", "context":{"environment":"Prod_EastUS2_000e", "migrationStage":"NotStarted", "server":"general01000023"}}
{"logTime": "0725/181938", "correlationVector":"snmcZACc4mTUQQA5hkyEvr.2","action":"GetUpdates Response", "result":"Success", "context":Received 73 update(s). cV=snmcZACc4mTUQQA5hkyEvr.0;server=general01000023;cloudType=Consumer;environment=Prod_EastUS2_000e;migrationStage=NotStarted}
{"logTime": "0725/181938", "correlationVector":"0XN0gOZF3fuIhhFz11uJ5x","action":"Initial GetUpdates", "result":"", "context":Reason: NEW_CLIENT. cV=0XN0gOZF3fuIhhFz11uJ5x}
{"logTime": "0725/181938", "correlationVector":"0XN0gOZF3fuIhhFz11uJ5x.1","action":"SyncServerConnectionManagerRequest", "result":"SYNC_SERVER_OK", "context":{"environment":"Prod_EastUS2_000e", "migrationStage":"NotStarted", "server":"general01000025"}}
{"logTime": "0725/181938", "correlationVector":"0XN0gOZF3fuIhhFz11uJ5x.2","action":"GetUpdates Response", "result":"Success", "context":Received 35 update(s). cV=0XN0gOZF3fuIhhFz11uJ5x.0;server=general01000025;cloudType=Consumer;environment=Prod_EastUS2_000e;migrationStage=NotStarted}
{"logTime": "0725/181938", "correlationVector":"cQFghWVdNzALOyOYZLOSUn","action":"Initial GetUpdates", "result":"", "context":Reason: NEW_CLIENT. cV=cQFghWVdNzALOyOYZLOSUn}
{"logTime": "0725/181939", "correlationVector":"cQFghWVdNzALOyOYZLOSUn.1","action":"SyncServerConnectionManagerRequest", "result":"SYNC_SERVER_OK", "context":{"environment":"Prod_EastUS2_000e", "migrationStage":"NotStarted", "server":"general01000023"}}
{"logTime": "0725/181939", "correlationVector":"cQFghWVdNzALOyOYZLOSUn.2","action":"GetUpdates Response", "result":"Success", "context":Received 60 update(s). cV=cQFghWVdNzALOyOYZLOSUn.0;server=general01000023;cloudType=Consumer;environment=Prod_EastUS2_000e;migrationStage=NotStarted}
{"logTime": "0725/181939", "correlationVector":"IsyHxD9W0PZ93XBIR2Jvo8","action":"Normal GetUpdate request", "result":"", "context":cV=IsyHxD9W0PZ93XBIR2Jvo8
Nudged types: Device Info, User Consents
Refresh requested types: Bookmarks, Preferences, Passwords, Autofill Profiles, Autofill, Extensions, Extension settings, Device Info, User Consents, Send Tab To Self, Web Apps, Collection, Edge E Drop, Edge Hub App Usage, Edge Wallet, Encryption Keys}
{"logTime": "0725/181939", "correlationVector":"IsyHxD9W0PZ93XBIR2Jvo8.1","action":"SyncServerConnectionManagerRequest", "result":"SYNC_SERVER_OK", "context":{"environment":"Prod_EastUS2_000e", "migrationStage":"NotStarted", "server":"general0100001L"}}
{"logTime": "0725/181939", "correlationVector":"IsyHxD9W0PZ93XBIR2Jvo8.2","action":"GetUpdates Response", "result":"Success", "context":Received 0 update(s). cV=IsyHxD9W0PZ93XBIR2Jvo8.0;server=general0100001L;cloudType=Consumer;environment=Prod_EastUS2_000e;migrationStage=NotStarted}
{"logTime": "0725/181939", "correlationVector":"ERS2WUq0b8ncZTTNKn/rUw","action":"Commit Request", "result":"", "context":Item count: 2
Contributing types: Device Info, User Consents}
{"logTime": "0725/181940", "correlationVector":"ERS2WUq0b8ncZTTNKn/rUw.1","action":"SyncServerConnectionManagerRequest", "result":"SYNC_SERVER_OK", "context":{"environment":"Prod_EastUS2_000e", "migrationStage":"NotStarted", "server":"general0100001G"}}
{"logTime": "0725/181940", "correlationVector":"ERS2WUq0b8ncZTTNKn/rUw.2","action":"Commit Response", "result":"Success", "context":Result: Success. cV=ERS2WUq0b8ncZTTNKn/rUw.0;server=general0100001G;cloudType=Consumer;environment=Prod_EastUS2_000e;migrationStage=NotStarted}
{"logTime": "0725/181940", "correlationVector":"vT77wZ8mEOVXUo/qBlxNHx","action":"Normal GetUpdate request", "result":"", "context":cV=vT77wZ8mEOVXUo/qBlxNHx
Nudged types: Device Info}
{"logTime": "0725/181940", "correlationVector":"vT77wZ8mEOVXUo/qBlxNHx.1","action":"SyncServerConnectionManagerRequest", "result":"SYNC_SERVER_OK", "context":{"environment":"Prod_EastUS2_000e", "migrationStage":"NotStarted", "server":"general0100001P"}}
{"logTime": "0725/181940", "correlationVector":"vT77wZ8mEOVXUo/qBlxNHx.2","action":"GetUpdates Response", "result":"Success", "context":Received 1 update(s). cV=vT77wZ8mEOVXUo/qBlxNHx.0;server=general0100001P;cloudType=Consumer;environment=Prod_EastUS2_000e;migrationStage=NotStarted}
{"logTime": "0725/182024", "correlationVector":"tHU4mJ7GKGo1lMADcL1rZR","action":"Commit Request", "result":"", "context":Item count: 1
Contributing types: Autofill}
{"logTime": "0725/182024", "correlationVector":"tHU4mJ7GKGo1lMADcL1rZR.1","action":"SyncServerConnectionManagerRequest", "result":"SYNC_SERVER_OK", "context":{"environment":"Prod_EastUS2_000e", "migrationStage":"NotStarted", "server":"general01000027"}}
{"logTime": "0725/182024", "correlationVector":"tHU4mJ7GKGo1lMADcL1rZR.2","action":"Commit Response", "result":"Success", "context":Result: Success. cV=tHU4mJ7GKGo1lMADcL1rZR.0;server=general01000027;cloudType=Consumer;environment=Prod_EastUS2_000e;migrationStage=NotStarted}
{"logTime": "0725/182148", "correlationVector":"drPMB0wS4PKyOniWg0RZk2.1","action":"SyncServerConnectionManagerRequest", "result":"SYNC_SERVER_OK", "context":{"environment":"Prod_EastUS2_000e", "migrationStage":"NotStarted", "server":"general0100000D"}}
{"logTime": "0725/182148", "correlationVector":"75pXsC/Dz+RVP4CxBPnGpr","action":"SyncServerConnectionManagerRequest", "result":"SYNC_SERVER_OK", "context":{"environment":"", "migrationStage":"", "server":""}}
{"logTime": "0725/182148", "correlationVector":"drPMB0wS4PKyOniWg0RZk2","action":"Initial GetUpdates", "result":"", "context":Reason: NEW_CLIENT. cV=drPMB0wS4PKyOniWg0RZk2}
{"logTime": "0725/182148", "correlationVector":"drPMB0wS4PKyOniWg0RZk2.2","action":"GetUpdates Response", "result":"Success", "context":Received 1 update(s). cV=drPMB0wS4PKyOniWg0RZk2.0;server=general0100000D;cloudType=Consumer;environment=Prod_EastUS2_000e;migrationStage=NotStarted}
{"logTime": "0725/182148", "correlationVector":"0cAFWZBY+QHrDuHm4/75SA","action":"Initial GetUpdates", "result":"", "context":Reason: NEWLY_SUPPORTED_DATATYPE. cV=0cAFWZBY+QHrDuHm4/75SA}
{"logTime": "0725/182148", "correlationVector":"0cAFWZBY+QHrDuHm4/75SA.1","action":"SyncServerConnectionManagerRequest", "result":"SYNC_SERVER_OK", "context":{"environment":"Prod_EastUS2_000e", "migrationStage":"NotStarted", "server":"general0100002P"}}
{"logTime": "0725/182148", "correlationVector":"0cAFWZBY+QHrDuHm4/75SA.2","action":"GetUpdates Response", "result":"Success", "context":Received 19 update(s). cV=0cAFWZBY+QHrDuHm4/75SA.0;server=general0100002P;cloudType=Consumer;environment=Prod_EastUS2_000e;migrationStage=NotStarted}
{"logTime": "0725/182148", "correlationVector":"EHW/tec3jJ3aE25zpfJ9fH","action":"Normal GetUpdate request", "result":"", "context":cV=EHW/tec3jJ3aE25zpfJ9fH
Refresh requested types: Bookmarks, Preferences, Passwords, Autofill Profiles, Autofill, Extensions, Extension settings, Device Info, User Consents, Send Tab To Self, Web Apps, Collection, Edge E Drop, Edge Hub App Usage, Edge Wallet, Encryption Keys}
{"logTime": "0725/182148", "correlationVector":"EHW/tec3jJ3aE25zpfJ9fH.1","action":"SyncServerConnectionManagerRequest", "result":"SYNC_SERVER_OK", "context":{"environment":"Prod_EastUS2_000e", "migrationStage":"NotStarted", "server":"general0100001G"}}
{"logTime": "0725/182148", "correlationVector":"EHW/tec3jJ3aE25zpfJ9fH.2","action":"GetUpdates Response", "result":"Success", "context":Received 1 update(s). cV=EHW/tec3jJ3aE25zpfJ9fH.0;server=general0100001G;cloudType=Consumer;environment=Prod_EastUS2_000e;migrationStage=NotStarted}
{"logTime": "0725/204107", "correlationVector":"iY9yCmux1agTFk7/pFVFcE.1","action":"SyncServerConnectionManagerRequest", "result":"SYNC_SERVER_OK", "context":{"environment":"Prod_EastUS2_000e", "migrationStage":"NotStarted", "server":"general0100001P"}}
{"logTime": "0725/204107", "correlationVector":"s9cA+bwIHs0s3RqcU4IykF","action":"SyncServerConnectionManagerRequest", "result":"SYNC_SERVER_OK", "context":{"environment":"", "migrationStage":"", "server":""}}
{"logTime": "0725/204107", "correlationVector":"iY9yCmux1agTFk7/pFVFcE","action":"Initial GetUpdates", "result":"", "context":Reason: NEW_CLIENT. cV=iY9yCmux1agTFk7/pFVFcE}
{"logTime": "0725/204107", "correlationVector":"iY9yCmux1agTFk7/pFVFcE.2","action":"GetUpdates Response", "result":"Success", "context":Received 1 update(s). cV=iY9yCmux1agTFk7/pFVFcE.0;server=general0100001P;cloudType=Consumer;environment=Prod_EastUS2_000e;migrationStage=NotStarted}
{"logTime": "0725/204107", "correlationVector":"oSQr76UbpbUNMXkIbc1SBQ","action":"Initial GetUpdates", "result":"", "context":Reason: NEWLY_SUPPORTED_DATATYPE. cV=oSQr76UbpbUNMXkIbc1SBQ}
{"logTime": "0725/204107", "correlationVector":"oSQr76UbpbUNMXkIbc1SBQ.1","action":"SyncServerConnectionManagerRequest", "result":"SYNC_SERVER_OK", "context":{"environment":"Prod_EastUS2_000e", "migrationStage":"NotStarted", "server":"general0100000C"}}
{"logTime": "0725/204107", "correlationVector":"oSQr76UbpbUNMXkIbc1SBQ.2","action":"GetUpdates Response", "result":"Success", "context":Received 19 update(s). cV=oSQr76UbpbUNMXkIbc1SBQ.0;server=general0100000C;cloudType=Consumer;environment=Prod_EastUS2_000e;migrationStage=NotStarted}
{"logTime": "0725/204107", "correlationVector":"qG3aHsBbsfGRoLCkK6KFY3","action":"Normal GetUpdate request", "result":"", "context":cV=qG3aHsBbsfGRoLCkK6KFY3
Refresh requested types: Bookmarks, Preferences, Passwords, Autofill Profiles, Autofill, Extensions, Extension settings, Device Info, User Consents, Send Tab To Self, Web Apps, Collection, Edge E Drop, Edge Hub App Usage, Edge Wallet, Encryption Keys}
{"logTime": "0725/204107", "correlationVector":"qG3aHsBbsfGRoLCkK6KFY3.1","action":"SyncServerConnectionManagerRequest", "result":"SYNC_SERVER_OK", "context":{"environment":"Prod_EastUS2_000e", "migrationStage":"NotStarted", "server":"general0100000U"}}
{"logTime": "0725/204107", "correlationVector":"qG3aHsBbsfGRoLCkK6KFY3.2","action":"GetUpdates Response", "result":"Success", "context":Received 1 update(s). cV=qG3aHsBbsfGRoLCkK6KFY3.0;server=general0100000U;cloudType=Consumer;environment=Prod_EastUS2_000e;migrationStage=NotStarted}
{"logTime": "0725/204206", "correlationVector":"tUm0gpEs/xN7d/l4XdwF/s","action":"Normal GetUpdate request", "result":"", "context":cV=tUm0gpEs/xN7d/l4XdwF/s
Nudged types: Autofill Profiles}
{"logTime": "0725/204206", "correlationVector":"tUm0gpEs/xN7d/l4XdwF/s.1","action":"SyncServerConnectionManagerRequest", "result":"SYNC_SERVER_OK", "context":{"environment":"Prod_EastUS2_000e", "migrationStage":"NotStarted", "server":"general0100001J"}}
{"logTime": "0725/204206", "correlationVector":"tUm0gpEs/xN7d/l4XdwF/s.2","action":"GetUpdates Response", "result":"Success", "context":Received 0 update(s). cV=tUm0gpEs/xN7d/l4XdwF/s.0;server=general0100001J;cloudType=Consumer;environment=Prod_EastUS2_000e;migrationStage=NotStarted}
{"logTime": "0725/204206", "correlationVector":"Gq2zNzCgbMWrtLsdpRN6vd","action":"Commit Request", "result":"", "context":Item count: 1
Contributing types: Autofill Profiles}
{"logTime": "0725/204207", "correlationVector":"Gq2zNzCgbMWrtLsdpRN6vd.1","action":"SyncServerConnectionManagerRequest", "result":"SYNC_SERVER_OK", "context":{"environment":"Prod_EastUS2_000e", "migrationStage":"NotStarted", "server":"general0100002J"}}
{"logTime": "0725/204207", "correlationVector":"Gq2zNzCgbMWrtLsdpRN6vd.2","action":"Commit Response", "result":"Success", "context":Result: Success. cV=Gq2zNzCgbMWrtLsdpRN6vd.0;server=general0100002J;cloudType=Consumer;environment=Prod_EastUS2_000e;migrationStage=NotStarted}
